# JRE version: Java(TM) SE Runtime Environment (8.0_151-b12) (build 1.8.0_151-b12)
# Java VM: Java HotSpot(TM) 64-Bit Server VM (25.151-b12 mixed mode windows-amd64 compressed oops)
Heap:
 PSYoungGen      total 320512K, used 232960K [0x00000000daf00000, 0x00000000f6480000, 0x0000000100000000)
  eden space 232960K, 100% used [0x00000000daf00000,0x00000000e9280000,0x00000000e9280000)
  from space 87552K, 0% used [0x00000000ef580000,0x00000000ef580000,0x00000000f4b00000)
  to   space 101376K, 0% used [0x00000000e9280000,0x00000000e9280000,0x00000000ef580000)
 ParOldGen       total 1215488K, used 1214448K [0x0000000090c00000, 0x00000000daf00000, 0x00000000daf00000)
  object space 1215488K, 99% used [0x0000000090c00000,0x00000000dadfc268,0x00000000daf00000)
 Metaspace       used 18209K, capacity 18774K, committed 18944K, reserved 1064960K
  class space    used 2357K, capacity 2543K, committed 2560K, reserved 1048576K
GC Heap History (10 events):
Event: 11.946 GC heap before
{Heap before GC invocations=22 (full 7):
 PSYoungGen      total 258560K, used 75170K [0x00000000daf00000, 0x00000000f4b00000, 0x0000000100000000)
  eden space 183296K, 0% used [0x00000000daf00000,0x00000000daf00000,0x00000000e6200000)
  from space 75264K, 99% used [0x00000000e6200000,0x00000000eab68a90,0x00000000eab80000)
  to   space 87552K, 0% used [0x00000000ef580000,0x00000000ef580000,0x00000000f4b00000)
 ParOldGen       total 986624K, used 948298K [0x0000000090c00000, 0x00000000ccf80000, 0x00000000daf00000)
  object space 986624K, 96% used [0x0000000090c00000,0x00000000caa12a78,0x00000000ccf80000)
 Metaspace       used 18073K, capacity 18610K, committed 18688K, reserved 1064960K
  class space    used 2332K, capacity 2511K, committed 2560K, reserved 1048576K
Event: 12.175 GC heap after
Heap after GC invocations=22 (full 7):
 PSYoungGen      total 258560K, used 37503K [0x00000000daf00000, 0x00000000f4b00000, 0x0000000100000000)
  eden space 183296K, 0% used [0x00000000daf00000,0x00000000daf00000,0x00000000e6200000)
  from space 75264K, 49% used [0x00000000e6200000,0x00000000e869fec0,0x00000000eab80000)
  to   space 87552K, 0% used [0x00000000ef580000,0x00000000ef580000,0x00000000f4b00000)
 ParOldGen       total 1215488K, used 985818K [0x0000000090c00000, 0x00000000daf00000, 0x00000000daf00000)
  object space 1215488K, 81% used [0x0000000090c00000,0x00000000cceb6b10,0x00000000daf00000)
 Metaspace       used 18073K, capacity 18610K, committed 18688K, reserved 1064960K
  class space    used 2332K, capacity 2511K, committed 2560K, reserved 1048576K
}
Event: 12.361 GC heap before
{Heap before GC invocations=23 (full 7):
 PSYoungGen      total 258560K, used 220423K [0x00000000daf00000, 0x00000000f4b00000, 0x0000000100000000)
  eden space 183296K, 99% used [0x00000000daf00000,0x00000000e61a1dd8,0x00000000e6200000)
  from space 75264K, 49% used [0x00000000e6200000,0x00000000e869fec0,0x00000000eab80000)
  to   space 87552K, 0% used [0x00000000ef580000,0x00000000ef580000,0x00000000f4b00000)
 ParOldGen       total 1215488K, used 985818K [0x0000000090c00000, 0x00000000daf00000, 0x00000000daf00000)
  object space 1215488K, 81% used [0x0000000090c00000,0x00000000cceb6b10,0x00000000daf00000)
 Metaspace       used 18073K, capacity 18610K, committed 18688K, reserved 1064960K
  class space    used 2332K, capacity 2511K, committed 2560K, reserved 1048576K
Event: 12.521 GC heap after
Heap after GC invocations=23 (full 7):
 PSYoungGen      total 320512K, used 86423K [0x00000000daf00000, 0x00000000f6480000, 0x0000000100000000)
  eden space 232960K, 0% used [0x00000000daf00000,0x00000000daf00000,0x00000000e9280000)
  from space 87552K, 98% used [0x00000000ef580000,0x00000000f49e5f50,0x00000000f4b00000)
  to   space 101376K, 0% used [0x00000000e9280000,0x00000000e9280000,0x00000000ef580000)
 ParOldGen       total 1215488K, used 1111444K [0x0000000090c00000, 0x00000000daf00000, 0x00000000daf00000)
  object space 1215488K, 91% used [0x0000000090c00000,0x00000000d4965340,0x00000000daf00000)
 Metaspace       used 18073K, capacity 18610K, committed 18688K, reserved 1064960K
  class space    used 2332K, capacity 2511K, committed 2560K, reserved 1048576K
}
Event: 12.521 GC heap before
{Heap before GC invocations=24 (full 8):
 PSYoungGen      total 320512K, used 86423K [0x00000000daf00000, 0x00000000f6480000, 0x0000000100000000)
  eden space 232960K, 0% used [0x00000000daf00000,0x00000000daf00000,0x00000000e9280000)
  from space 87552K, 98% used [0x00000000ef580000,0x00000000f49e5f50,0x00000000f4b00000)
  to   space 101376K, 0% used [0x00000000e9280000,0x00000000e9280000,0x00000000ef580000)
 ParOldGen       total 1215488K, used 1111444K [0x0000000090c00000, 0x00000000daf00000, 0x00000000daf00000)
  object space 1215488K, 91% used [0x0000000090c00000,0x00000000d4965340,0x00000000daf00000)
 Metaspace       used 18073K, capacity 18610K, committed 18688K, reserved 1064960K
  class space    used 2332K, capacity 2511K, committed 2560K, reserved 1048576K
Event: 12.716 GC heap after
Heap after GC invocations=24 (full 8):
 PSYoungGen      total 320512K, used 0K [0x00000000daf00000, 0x00000000f6480000, 0x0000000100000000)
  eden space 232960K, 0% used [0x00000000daf00000,0x00000000daf00000,0x00000000e9280000)
  from space 87552K, 0% used [0x00000000ef580000,0x00000000ef580000,0x00000000f4b00000)
  to   space 101376K, 0% used [0x00000000e9280000,0x00000000e9280000,0x00000000ef580000)
 ParOldGen       total 1215488K, used 1197722K [0x0000000090c00000, 0x00000000daf00000, 0x00000000daf00000)
  object space 1215488K, 98% used [0x0000000090c00000,0x00000000d9da6ab0,0x00000000daf00000)
 Metaspace       used 18073K, capacity 18610K, committed 18688K, reserved 1064960K
  class space    used 2332K, capacity 2511K, committed 2560K, reserved 1048576K
}
Event: 12.977 GC heap before
{Heap before GC invocations=25 (full 9):
 PSYoungGen      total 320512K, used 232337K [0x00000000daf00000, 0x00000000f6480000, 0x0000000100000000)
  eden space 232960K, 99% used [0x00000000daf00000,0x00000000e91e4630,0x00000000e9280000)
  from space 87552K, 0% used [0x00000000ef580000,0x00000000ef580000,0x00000000f4b00000)
  to   space 101376K, 0% used [0x00000000e9280000,0x00000000e9280000,0x00000000ef580000)
 ParOldGen       total 1215488K, used 1197722K [0x0000000090c00000, 0x00000000daf00000, 0x00000000daf00000)
  object space 1215488K, 98% used [0x0000000090c00000,0x00000000d9da6ab0,0x00000000daf00000)
 Metaspace       used 18073K, capacity 18610K, committed 18688K, reserved 1064960K
  class space    used 2332K, capacity 2511K, committed 2560K, reserved 1048576K
Event: 13.396 GC heap after
Heap after GC invocations=25 (full 9):
 PSYoungGen      total 320512K, used 204437K [0x00000000daf00000, 0x00000000f6480000, 0x0000000100000000)
  eden space 232960K, 87% used [0x00000000daf00000,0x00000000e76a56e8,0x00000000e9280000)
  from space 87552K, 0% used [0x00000000ef580000,0x00000000ef580000,0x00000000f4b00000)
  to   space 101376K, 0% used [0x00000000e9280000,0x00000000e9280000,0x00000000ef580000)
 ParOldGen       total 1215488K, used 1214552K [0x0000000090c00000, 0x00000000daf00000, 0x00000000daf00000)
  object space 1215488K, 99% used [0x0000000090c00000,0x00000000dae160d0,0x00000000daf00000)
 Metaspace       used 18073K, capacity 18610K, committed 18688K, reserved 1064960K
  class space    used 2332K, capacity 2511K, committed 2560K, reserved 1048576K
}
Event: 21.949 GC heap before
{Heap before GC invocations=26 (full 10):
 PSYoungGen      total 320512K, used 232960K [0x00000000daf00000, 0x00000000f6480000, 0x0000000100000000)
  eden space 232960K, 100% used [0x00000000daf00000,0x00000000e9280000,0x00000000e9280000)
  from space 87552K, 0% used [0x00000000ef580000,0x00000000ef580000,0x00000000f4b00000)
  to   space 101376K, 0% used [0x00000000e9280000,0x00000000e9280000,0x00000000ef580000)
 ParOldGen       total 1215488K, used 1214552K [0x0000000090c00000, 0x00000000daf00000, 0x00000000daf00000)
  object space 1215488K, 99% used [0x0000000090c00000,0x00000000dae160d0,0x00000000daf00000)
 Metaspace       used 18165K, capacity 18710K, committed 18944K, reserved 1064960K
  class space    used 2357K, capacity 2543K, committed 2560K, reserved 1048576K
Event: 22.521 GC heap after
Heap after GC invocations=26 (full 10):
 PSYoungGen      total 320512K, used 228848K [0x00000000daf00000, 0x00000000f6480000, 0x0000000100000000)
  eden space 232960K, 98% used [0x00000000daf00000,0x00000000e8e7c338,0x00000000e9280000)
  from space 87552K, 0% used [0x00000000ef580000,0x00000000ef580000,0x00000000f4b00000)
  to   space 101376K, 0% used [0x00000000e9280000,0x00000000e9280000,0x00000000ef580000)
 ParOldGen       total 1215488K, used 1214448K [0x0000000090c00000, 0x00000000daf00000, 0x00000000daf00000)
  object space 1215488K, 99% used [0x0000000090c00000,0x00000000dadfc268,0x00000000daf00000)
 Metaspace       used 18165K, capacity 18710K, committed 18944K, reserved 1064960K
  class space    used 2357K, capacity 2543K, committed 2560K, reserved 1048576K
}

