# JRE version: Java(TM) SE Runtime Environment (8.0_151-b12) (build 1.8.0_151-b12)
# Java VM: Java HotSpot(TM) 64-Bit Server VM (25.151-b12 mixed mode windows-amd64 compressed oops)
Heap:
 PSYoungGen      total 48128K, used 11462K [0x00000000daf00000, 0x00000000df100000, 0x0000000100000000)
  eden space 44032K, 17% used [0x00000000daf00000,0x00000000db689b68,0x00000000dda00000)
  from space 4096K, 91% used [0x00000000ded00000,0x00000000df0a8010,0x00000000df100000)
  to   space 6144K, 0% used [0x00000000de500000,0x00000000de500000,0x00000000deb00000)
 ParOldGen       total 48640K, used 5977K [0x0000000090c00000, 0x0000000093b80000, 0x00000000daf00000)
  object space 48640K, 12% used [0x0000000090c00000,0x00000000911d67a8,0x0000000093b80000)
 Metaspace       used 24122K, capacity 25441K, committed 25728K, reserved 1071104K
  class space    used 3310K, capacity 3586K, committed 3712K, reserved 1048576K
GC Heap History (10 events):
Event: 6.441 GC heap before
{Heap before GC invocations=3 (full 0):
 PSYoungGen      total 33280K, used 32516K [0x00000000daf00000, 0x00000000dd400000, 0x0000000100000000)
  eden space 28672K, 100% used [0x00000000daf00000,0x00000000dcb00000,0x00000000dcb00000)
  from space 4608K, 83% used [0x00000000dcf80000,0x00000000dd341350,0x00000000dd400000)
  to   space 4608K, 0% used [0x00000000dcb00000,0x00000000dcb00000,0x00000000dcf80000)
 ParOldGen       total 76800K, used 16K [0x0000000090c00000, 0x0000000095700000, 0x00000000daf00000)
  object space 76800K, 0% used [0x0000000090c00000,0x0000000090c04000,0x0000000095700000)
 Metaspace       used 14298K, capacity 14622K, committed 14976K, reserved 1062912K
  class space    used 1740K, capacity 1859K, committed 1920K, reserved 1048576K
Event: 6.461 GC heap after
Heap after GC invocations=3 (full 0):
 PSYoungGen      total 33280K, used 4205K [0x00000000daf00000, 0x00000000dd400000, 0x0000000100000000)
  eden space 28672K, 0% used [0x00000000daf00000,0x00000000daf00000,0x00000000dcb00000)
  from space 4608K, 91% used [0x00000000dcb00000,0x00000000dcf1b480,0x00000000dcf80000)
  to   space 4608K, 0% used [0x00000000dcf80000,0x00000000dcf80000,0x00000000dd400000)
 ParOldGen       total 76800K, used 96K [0x0000000090c00000, 0x0000000095700000, 0x00000000daf00000)
  object space 76800K, 0% used [0x0000000090c00000,0x0000000090c18028,0x0000000095700000)
 Metaspace       used 14298K, capacity 14622K, committed 14976K, reserved 1062912K
  class space    used 1740K, capacity 1859K, committed 1920K, reserved 1048576K
}
Event: 7.915 GC heap before
{Heap before GC invocations=4 (full 0):
 PSYoungGen      total 33280K, used 32877K [0x00000000daf00000, 0x00000000dd400000, 0x0000000100000000)
  eden space 28672K, 100% used [0x00000000daf00000,0x00000000dcb00000,0x00000000dcb00000)
  from space 4608K, 91% used [0x00000000dcb00000,0x00000000dcf1b480,0x00000000dcf80000)
  to   space 4608K, 0% used [0x00000000dcf80000,0x00000000dcf80000,0x00000000dd400000)
 ParOldGen       total 76800K, used 96K [0x0000000090c00000, 0x0000000095700000, 0x00000000daf00000)
  object space 76800K, 0% used [0x0000000090c00000,0x0000000090c18028,0x0000000095700000)
 Metaspace       used 17519K, capacity 17958K, committed 18304K, reserved 1064960K
  class space    used 2226K, capacity 2336K, committed 2432K, reserved 1048576K
Event: 7.950 GC heap after
Heap after GC invocations=4 (full 0):
 PSYoungGen      total 33280K, used 4576K [0x00000000daf00000, 0x00000000df000000, 0x0000000100000000)
  eden space 28672K, 0% used [0x00000000daf00000,0x00000000daf00000,0x00000000dcb00000)
  from space 4608K, 99% used [0x00000000dcf80000,0x00000000dd3f8040,0x00000000dd400000)
  to   space 4608K, 0% used [0x00000000dcb00000,0x00000000dcb00000,0x00000000dcf80000)
 ParOldGen       total 76800K, used 670K [0x0000000090c00000, 0x0000000095700000, 0x00000000daf00000)
  object space 76800K, 0% used [0x0000000090c00000,0x0000000090ca79c8,0x0000000095700000)
 Metaspace       used 17519K, capacity 17958K, committed 18304K, reserved 1064960K
  class space    used 2226K, capacity 2336K, committed 2432K, reserved 1048576K
}
Event: 9.491 GC heap before
{Heap before GC invocations=5 (full 0):
 PSYoungGen      total 33280K, used 31718K [0x00000000daf00000, 0x00000000df000000, 0x0000000100000000)
  eden space 28672K, 94% used [0x00000000daf00000,0x00000000dc981a88,0x00000000dcb00000)
  from space 4608K, 99% used [0x00000000dcf80000,0x00000000dd3f8040,0x00000000dd400000)
  to   space 4608K, 0% used [0x00000000dcb00000,0x00000000dcb00000,0x00000000dcf80000)
 ParOldGen       total 76800K, used 670K [0x0000000090c00000, 0x0000000095700000, 0x00000000daf00000)
  object space 76800K, 0% used [0x0000000090c00000,0x0000000090ca79c8,0x0000000095700000)
 Metaspace       used 20367K, capacity 21127K, committed 21296K, reserved 1067008K
  class space    used 2751K, capacity 2944K, committed 2944K, reserved 1048576K
Event: 9.523 GC heap after
Heap after GC invocations=5 (full 0):
 PSYoungGen      total 33280K, used 4588K [0x00000000daf00000, 0x00000000df300000, 0x0000000100000000)
  eden space 28672K, 0% used [0x00000000daf00000,0x00000000daf00000,0x00000000dcb00000)
  from space 4608K, 99% used [0x00000000dcb00000,0x00000000dcf7b160,0x00000000dcf80000)
  to   space 6144K, 0% used [0x00000000ded00000,0x00000000ded00000,0x00000000df300000)
 ParOldGen       total 76800K, used 1440K [0x0000000090c00000, 0x0000000095700000, 0x00000000daf00000)
  object space 76800K, 1% used [0x0000000090c00000,0x0000000090d68300,0x0000000095700000)
 Metaspace       used 20367K, capacity 21127K, committed 21296K, reserved 1067008K
  class space    used 2751K, capacity 2944K, committed 2944K, reserved 1048576K
}
Event: 9.524 GC heap before
{Heap before GC invocations=6 (full 1):
 PSYoungGen      total 33280K, used 4588K [0x00000000daf00000, 0x00000000df300000, 0x0000000100000000)
  eden space 28672K, 0% used [0x00000000daf00000,0x00000000daf00000,0x00000000dcb00000)
  from space 4608K, 99% used [0x00000000dcb00000,0x00000000dcf7b160,0x00000000dcf80000)
  to   space 6144K, 0% used [0x00000000ded00000,0x00000000ded00000,0x00000000df300000)
 ParOldGen       total 76800K, used 1440K [0x0000000090c00000, 0x0000000095700000, 0x00000000daf00000)
  object space 76800K, 1% used [0x0000000090c00000,0x0000000090d68300,0x0000000095700000)
 Metaspace       used 20367K, capacity 21127K, committed 21296K, reserved 1067008K
  class space    used 2751K, capacity 2944K, committed 2944K, reserved 1048576K
Event: 9.622 GC heap after
Heap after GC invocations=6 (full 1):
 PSYoungGen      total 33280K, used 0K [0x00000000daf00000, 0x00000000df300000, 0x0000000100000000)
  eden space 28672K, 0% used [0x00000000daf00000,0x00000000daf00000,0x00000000dcb00000)
  from space 4608K, 0% used [0x00000000dcb00000,0x00000000dcb00000,0x00000000dcf80000)
  to   space 6144K, 0% used [0x00000000ded00000,0x00000000ded00000,0x00000000df300000)
 ParOldGen       total 48640K, used 5969K [0x0000000090c00000, 0x0000000093b80000, 0x00000000daf00000)
  object space 48640K, 12% used [0x0000000090c00000,0x00000000911d47a8,0x0000000093b80000)
 Metaspace       used 20367K, capacity 21127K, committed 21296K, reserved 1067008K
  class space    used 2751K, capacity 2944K, committed 2944K, reserved 1048576K
}
Event: 11.272 GC heap before
{Heap before GC invocations=7 (full 1):
 PSYoungGen      total 33280K, used 27701K [0x00000000daf00000, 0x00000000df300000, 0x0000000100000000)
  eden space 28672K, 96% used [0x00000000daf00000,0x00000000dca0d788,0x00000000dcb00000)
  from space 4608K, 0% used [0x00000000dcb00000,0x00000000dcb00000,0x00000000dcf80000)
  to   space 6144K, 0% used [0x00000000ded00000,0x00000000ded00000,0x00000000df300000)
 ParOldGen       total 48640K, used 5969K [0x0000000090c00000, 0x0000000093b80000, 0x00000000daf00000)
  object space 48640K, 12% used [0x0000000090c00000,0x00000000911d47a8,0x0000000093b80000)
 Metaspace       used 23122K, capacity 24457K, committed 24576K, reserved 1071104K
  class space    used 3265K, capacity 3536K, committed 3584K, reserved 1048576K
Event: 11.280 GC heap after
Heap after GC invocations=7 (full 1):
 PSYoungGen      total 48128K, used 3744K [0x00000000daf00000, 0x00000000df100000, 0x0000000100000000)
  eden space 44032K, 0% used [0x00000000daf00000,0x00000000daf00000,0x00000000dda00000)
  from space 4096K, 91% used [0x00000000ded00000,0x00000000df0a8010,0x00000000df100000)
  to   space 6144K, 0% used [0x00000000de500000,0x00000000de500000,0x00000000deb00000)
 ParOldGen       total 48640K, used 5977K [0x0000000090c00000, 0x0000000093b80000, 0x00000000daf00000)
  object space 48640K, 12% used [0x0000000090c00000,0x00000000911d67a8,0x0000000093b80000)
 Metaspace       used 23122K, capacity 24457K, committed 24576K, reserved 1071104K
  class space    used 3265K, capacity 3536K, committed 3584K, reserved 1048576K
}

