# JRE version: Java(TM) SE Runtime Environment (8.0_151-b12) (build 1.8.0_151-b12)
# Java VM: Java HotSpot(TM) 64-Bit Server VM (25.151-b12 mixed mode windows-amd64 compressed oops)
Heap:
 PSYoungGen      total 108032K, used 34800K [0x00000000daf00000, 0x00000000e2c00000, 0x0000000100000000)
  eden space 98304K, 25% used [0x00000000daf00000,0x00000000dc77ffe0,0x00000000e0f00000)
  from space 9728K, 99% used [0x00000000e1900000,0x00000000e227c050,0x00000000e2280000)
  to   space 6656K, 0% used [0x00000000e2580000,0x00000000e2580000,0x00000000e2c00000)
 ParOldGen       total 45568K, used 31937K [0x0000000090c00000, 0x0000000093880000, 0x00000000daf00000)
  object space 45568K, 70% used [0x0000000090c00000,0x0000000092b305c8,0x0000000093880000)
 Metaspace       used 26792K, capacity 28480K, committed 28672K, reserved 1075200K
  class space    used 3516K, capacity 3839K, committed 3840K, reserved 1048576K
GC Heap History (10 events):
Event: 10.056 GC heap before
{Heap before GC invocations=4 (full 0):
 PSYoungGen      total 33280K, used 32894K [0x00000000daf00000, 0x00000000df000000, 0x0000000100000000)
  eden space 28672K, 100% used [0x00000000daf00000,0x00000000dcb00000,0x00000000dcb00000)
  from space 4608K, 91% used [0x00000000dcb00000,0x00000000dcf1fa30,0x00000000dcf80000)
  to   space 4608K, 0% used [0x00000000deb80000,0x00000000deb80000,0x00000000df000000)
 ParOldGen       total 76800K, used 96K [0x0000000090c00000, 0x0000000095700000, 0x00000000daf00000)
  object space 76800K, 0% used [0x0000000090c00000,0x0000000090c18028,0x0000000095700000)
 Metaspace       used 17648K, capacity 18212K, committed 18304K, reserved 1064960K
  class space    used 2256K, capacity 2419K, committed 2432K, reserved 1048576K
Event: 10.067 GC heap after
Heap after GC invocations=4 (full 0):
 PSYoungGen      total 61952K, used 4576K [0x00000000daf00000, 0x00000000df000000, 0x0000000100000000)
  eden space 57344K, 0% used [0x00000000daf00000,0x00000000daf00000,0x00000000de700000)
  from space 4608K, 99% used [0x00000000deb80000,0x00000000deff8040,0x00000000df000000)
  to   space 4608K, 0% used [0x00000000de700000,0x00000000de700000,0x00000000deb80000)
 ParOldGen       total 76800K, used 706K [0x0000000090c00000, 0x0000000095700000, 0x00000000daf00000)
  object space 76800K, 0% used [0x0000000090c00000,0x0000000090cb09b8,0x0000000095700000)
 Metaspace       used 17648K, capacity 18212K, committed 18304K, reserved 1064960K
  class space    used 2256K, capacity 2419K, committed 2432K, reserved 1048576K
}
Event: 11.495 GC heap before
{Heap before GC invocations=5 (full 0):
 PSYoungGen      total 61952K, used 35611K [0x00000000daf00000, 0x00000000df000000, 0x0000000100000000)
  eden space 57344K, 54% used [0x00000000daf00000,0x00000000dcd4edd8,0x00000000de700000)
  from space 4608K, 99% used [0x00000000deb80000,0x00000000deff8040,0x00000000df000000)
  to   space 4608K, 0% used [0x00000000de700000,0x00000000de700000,0x00000000deb80000)
 ParOldGen       total 76800K, used 706K [0x0000000090c00000, 0x0000000095700000, 0x00000000daf00000)
  object space 76800K, 0% used [0x0000000090c00000,0x0000000090cb09b8,0x0000000095700000)
 Metaspace       used 20521K, capacity 21262K, committed 21296K, reserved 1067008K
  class space    used 2730K, capacity 2916K, committed 2944K, reserved 1048576K
Event: 11.510 GC heap after
Heap after GC invocations=5 (full 0):
 PSYoungGen      total 61952K, used 4588K [0x00000000daf00000, 0x00000000e2c00000, 0x0000000100000000)
  eden space 57344K, 0% used [0x00000000daf00000,0x00000000daf00000,0x00000000de700000)
  from space 4608K, 99% used [0x00000000de700000,0x00000000deb7b160,0x00000000deb80000)
  to   space 6656K, 0% used [0x00000000e2580000,0x00000000e2580000,0x00000000e2c00000)
 ParOldGen       total 76800K, used 1664K [0x0000000090c00000, 0x0000000095700000, 0x00000000daf00000)
  object space 76800K, 2% used [0x0000000090c00000,0x0000000090da0300,0x0000000095700000)
 Metaspace       used 20521K, capacity 21262K, committed 21296K, reserved 1067008K
  class space    used 2730K, capacity 2916K, committed 2944K, reserved 1048576K
}
Event: 11.510 GC heap before
{Heap before GC invocations=6 (full 1):
 PSYoungGen      total 61952K, used 4588K [0x00000000daf00000, 0x00000000e2c00000, 0x0000000100000000)
  eden space 57344K, 0% used [0x00000000daf00000,0x00000000daf00000,0x00000000de700000)
  from space 4608K, 99% used [0x00000000de700000,0x00000000deb7b160,0x00000000deb80000)
  to   space 6656K, 0% used [0x00000000e2580000,0x00000000e2580000,0x00000000e2c00000)
 ParOldGen       total 76800K, used 1664K [0x0000000090c00000, 0x0000000095700000, 0x00000000daf00000)
  object space 76800K, 2% used [0x0000000090c00000,0x0000000090da0300,0x0000000095700000)
 Metaspace       used 20521K, capacity 21262K, committed 21296K, reserved 1067008K
  class space    used 2730K, capacity 2916K, committed 2944K, reserved 1048576K
Event: 11.585 GC heap after
Heap after GC invocations=6 (full 1):
 PSYoungGen      total 61952K, used 0K [0x00000000daf00000, 0x00000000e2c00000, 0x0000000100000000)
  eden space 57344K, 0% used [0x00000000daf00000,0x00000000daf00000,0x00000000de700000)
  from space 4608K, 0% used [0x00000000de700000,0x00000000de700000,0x00000000deb80000)
  to   space 6656K, 0% used [0x00000000e2580000,0x00000000e2580000,0x00000000e2c00000)
 ParOldGen       total 45568K, used 6119K [0x0000000090c00000, 0x0000000093880000, 0x00000000daf00000)
  object space 45568K, 13% used [0x0000000090c00000,0x00000000911f9e90,0x0000000093880000)
 Metaspace       used 20521K, capacity 21262K, committed 21296K, reserved 1067008K
  class space    used 2730K, capacity 2916K, committed 2944K, reserved 1048576K
}
Event: 15.059 GC heap before
{Heap before GC invocations=7 (full 1):
 PSYoungGen      total 61952K, used 57344K [0x00000000daf00000, 0x00000000e2c00000, 0x0000000100000000)
  eden space 57344K, 100% used [0x00000000daf00000,0x00000000de700000,0x00000000de700000)
  from space 4608K, 0% used [0x00000000de700000,0x00000000de700000,0x00000000deb80000)
  to   space 6656K, 0% used [0x00000000e2580000,0x00000000e2580000,0x00000000e2c00000)
 ParOldGen       total 45568K, used 6119K [0x0000000090c00000, 0x0000000093880000, 0x00000000daf00000)
  object space 45568K, 13% used [0x0000000090c00000,0x00000000911f9e90,0x0000000093880000)
 Metaspace       used 23754K, capacity 25156K, committed 25344K, reserved 1071104K
  class space    used 3242K, capacity 3519K, committed 3584K, reserved 1048576K
Event: 15.148 GC heap after
Heap after GC invocations=7 (full 1):
 PSYoungGen      total 104960K, used 6656K [0x00000000daf00000, 0x00000000e2c00000, 0x0000000100000000)
  eden space 98304K, 0% used [0x00000000daf00000,0x00000000daf00000,0x00000000e0f00000)
  from space 6656K, 100% used [0x00000000e2580000,0x00000000e2c00000,0x00000000e2c00000)
  to   space 9728K, 0% used [0x00000000e1900000,0x00000000e1900000,0x00000000e2280000)
 ParOldGen       total 45568K, used 10132K [0x0000000090c00000, 0x0000000093880000, 0x00000000daf00000)
  object space 45568K, 22% used [0x0000000090c00000,0x00000000915e53e8,0x0000000093880000)
 Metaspace       used 23754K, capacity 25156K, committed 25344K, reserved 1071104K
  class space    used 3242K, capacity 3519K, committed 3584K, reserved 1048576K
}
Event: 30.987 GC heap before
{Heap before GC invocations=8 (full 1):
 PSYoungGen      total 104960K, used 104960K [0x00000000daf00000, 0x00000000e2c00000, 0x0000000100000000)
  eden space 98304K, 100% used [0x00000000daf00000,0x00000000e0f00000,0x00000000e0f00000)
  from space 6656K, 100% used [0x00000000e2580000,0x00000000e2c00000,0x00000000e2c00000)
  to   space 9728K, 0% used [0x00000000e1900000,0x00000000e1900000,0x00000000e2280000)
 ParOldGen       total 45568K, used 10132K [0x0000000090c00000, 0x0000000093880000, 0x00000000daf00000)
  object space 45568K, 22% used [0x0000000090c00000,0x00000000915e53e8,0x0000000093880000)
 Metaspace       used 26714K, capacity 28412K, committed 28416K, reserved 1073152K
  class space    used 3515K, capacity 3839K, committed 3840K, reserved 1048576K
Event: 31.101 GC heap after
Heap after GC invocations=8 (full 1):
 PSYoungGen      total 108032K, used 9712K [0x00000000daf00000, 0x00000000e2c00000, 0x0000000100000000)
  eden space 98304K, 0% used [0x00000000daf00000,0x00000000daf00000,0x00000000e0f00000)
  from space 9728K, 99% used [0x00000000e1900000,0x00000000e227c050,0x00000000e2280000)
  to   space 6656K, 0% used [0x00000000e2580000,0x00000000e2580000,0x00000000e2c00000)
 ParOldGen       total 45568K, used 31937K [0x0000000090c00000, 0x0000000093880000, 0x00000000daf00000)
  object space 45568K, 70% used [0x0000000090c00000,0x0000000092b305c8,0x0000000093880000)
 Metaspace       used 26714K, capacity 28412K, committed 28416K, reserved 1073152K
  class space    used 3515K, capacity 3839K, committed 3840K, reserved 1048576K
}

